TN:
SF:src/Escrow.sol
DA:49,5
FN:49,Escrow.onlyClient
FNDA:5,Escrow.onlyClient
DA:50,5
DA:54,9
FN:54,Escrow.onlyFreelancer
FNDA:9,Escrow.onlyFreelancer
DA:55,9
DA:59,6
FN:59,Escrow.onlyArbiter
FNDA:6,Escrow.onlyArbiter
DA:60,6
DA:64,4
FN:64,Escrow.inState
FNDA:4,Escrow.inState
DA:65,4
DA:69,28
FN:69,Escrow._checkClient
FNDA:28,Escrow._checkClient
DA:70,28
BRDA:70,0,0,2
DA:73,9
FN:73,Escrow._checkFreelancer
FNDA:9,Escrow._checkFreelancer
DA:74,9
BRDA:74,1,0,1
DA:77,6
FN:77,Escrow._checkArbiter
FNDA:6,Escrow._checkArbiter
DA:78,6
BRDA:78,2,0,0
DA:81,40
FN:81,Escrow._checkState
FNDA:40,Escrow._checkState
DA:82,40
BRDA:82,3,0,3
DA:93,37
FN:93,Escrow.constructor
FNDA:37,Escrow.constructor
DA:100,37
BRDA:100,4,0,1
DA:101,1
DA:103,36
BRDA:103,5,0,1
DA:105,35
DA:106,35
DA:107,35
DA:108,35
DA:109,35
DA:111,35
DA:117,23
FN:117,Escrow.fund
FNDA:23,Escrow.fund
DA:118,21
DA:120,21
BRDA:120,6,0,18
BRDA:120,6,1,3
DA:121,18
BRDA:121,7,0,1
DA:123,3
BRDA:123,8,0,1
DA:124,2
DA:127,19
DA:134,9
FN:134,Escrow.submitDeliverable
FNDA:9,Escrow.submitDeliverable
DA:139,7
DA:140,7
DA:142,7
DA:148,5
FN:148,Escrow.releaseFunds
FNDA:5,Escrow.releaseFunds
DA:150,3
DA:151,3
DA:153,3
DA:159,11
FN:159,Escrow.raiseDispute
FNDA:11,Escrow.raiseDispute
DA:160,11
BRDA:160,9,0,1
DA:161,10
BRDA:161,10,0,1
DA:162,1
DA:165,9
DA:166,9
DA:174,6
FN:174,Escrow.resolveDispute
FNDA:6,Escrow.resolveDispute
DA:180,6
BRDA:180,11,0,1
DA:183,5
DA:184,5
DA:186,5
BRDA:186,12,0,4
DA:187,4
DA:189,4
BRDA:189,13,0,3
DA:190,3
DA:197,10
FN:197,Escrow._payout
FNDA:10,Escrow._payout
DA:198,10
BRDA:198,14,0,7
BRDA:198,14,1,3
DA:199,7
DA:200,7
BRDA:200,15,0,2
DA:202,3
FNF:15
FNH:15
LF:60
LH:60
BRF:18
BRH:17
end_of_record
TN:
SF:src/EscrowFactory.sol
DA:36,0
FN:36,EscrowFactory.createEscrow
FNDA:0,EscrowFactory.createEscrow
DA:42,0
DA:50,0
DA:51,0
BRDA:51,0,0,-
DA:53,0
DA:54,0
DA:55,0
DA:57,0
DA:70,0
FN:70,EscrowFactory.getAllEscrows
FNDA:0,EscrowFactory.getAllEscrows
DA:71,0
DA:78,0
FN:78,EscrowFactory.getUserEscrows
FNDA:0,EscrowFactory.getUserEscrows
DA:79,0
FNF:3
FNH:0
LF:12
LH:0
BRF:1
BRH:0
end_of_record
TN:
SF:test/unit/Escrow.t.sol
DA:11,3
FN:11,MockERC20.constructor
FNDA:3,MockERC20.constructor
DA:12,3
DA:15,2
FN:15,MockERC20.mint
FNDA:2,MockERC20.mint
DA:16,2
DA:22,2
FN:22,RejectEther.receive
FNDA:2,RejectEther.receive
DA:23,2
FNF:3
FNH:3
LF:6
LH:6
BRF:0
BRH:0
end_of_record
